<?xml version="1.0" encoding="UTF-8" ?>
<testsuite tests="1" failures="0" name="hu.inf.unideb.dungeonraider.service.PlayerServiceTest" time="0.006" errors="1" skipped="0">
  <properties>
[...]
</properties>
  <testcase classname="hu.inf.unideb.dungeonraider.service.PlayerServiceTest" name="initializationError" time="0.006">
    <error message="Neither GenericXmlContextLoader nor AnnotationConfigContextLoader was able to detect defaults, and no ApplicationContextInitializers were declared for context configuration [ContextConfigurationAttributes@13e9f2e2 declaringClass = &apos;hu.inf.unideb.dungeonraider.service.PlayerServiceTest&apos;, classes = &apos;{}&apos;, locations = &apos;{}&apos;, inheritLocations = true, initializers = &apos;{}&apos;, inheritInitializers = true, name = [null], contextLoaderClass = &apos;org.springframework.test.context.ContextLoader&apos;]" type="java.lang.IllegalStateException">java.lang.IllegalStateException: Neither GenericXmlContextLoader nor AnnotationConfigContextLoader was able to detect defaults, and no ApplicationContextInitializers were declared for context configuration [ContextConfigurationAttributes@13e9f2e2 declaringClass = &apos;hu.inf.unideb.dungeonraider.service.PlayerServiceTest&apos;, classes = &apos;{}&apos;, locations = &apos;{}&apos;, inheritLocations = true, initializers = &apos;{}&apos;, inheritInitializers = true, name = [null], contextLoaderClass = &apos;org.springframework.test.context.ContextLoader&apos;]
	at org.springframework.test.context.support.AbstractDelegatingSmartContextLoader.processContextConfiguration(AbstractDelegatingSmartContextLoader.java:208)
	at org.springframework.test.context.support.AbstractTestContextBootstrapper.buildMergedContextConfiguration(AbstractTestContextBootstrapper.java:348)
	at org.springframework.test.context.support.AbstractTestContextBootstrapper.buildMergedContextConfiguration(AbstractTestContextBootstrapper.java:305)
	at org.springframework.test.context.DefaultTestContext.&lt;init&gt;(DefaultTestContext.java:67)
	at org.springframework.test.context.TestContextManager.&lt;init&gt;(TestContextManager.java:103)
	at org.springframework.test.context.junit4.SpringJUnit4ClassRunner.createTestContextManager(SpringJUnit4ClassRunner.java:124)
	at org.springframework.test.context.junit4.SpringJUnit4ClassRunner.&lt;init&gt;(SpringJUnit4ClassRunner.java:115)
	at sun.reflect.NativeConstructorAccessorImpl.newInstance0(Native Method)
	at sun.reflect.NativeConstructorAccessorImpl.newInstance(NativeConstructorAccessorImpl.java:62)
	at sun.reflect.DelegatingConstructorAccessorImpl.newInstance(DelegatingConstructorAccessorImpl.java:45)
	at java.lang.reflect.Constructor.newInstance(Constructor.java:422)
	at org.junit.internal.builders.AnnotatedBuilder.buildRunner(AnnotatedBuilder.java:29)
	at org.junit.internal.builders.AnnotatedBuilder.runnerForClass(AnnotatedBuilder.java:21)
	at org.junit.runners.model.RunnerBuilder.safeRunnerForClass(RunnerBuilder.java:59)
	at org.junit.internal.builders.AllDefaultPossibilitiesBuilder.runnerForClass(AllDefaultPossibilitiesBuilder.java:26)
	at org.junit.runners.model.RunnerBuilder.safeRunnerForClass(RunnerBuilder.java:59)
	at org.junit.internal.requests.ClassRequest.getRunner(ClassRequest.java:26)
	at org.apache.maven.surefire.junit4.JUnit4Provider.execute(JUnit4Provider.java:250)
	at org.apache.maven.surefire.junit4.JUnit4Provider.executeTestSet(JUnit4Provider.java:141)
	at org.apache.maven.surefire.junit4.JUnit4Provider.invoke(JUnit4Provider.java:112)
	at sun.reflect.NativeMethodAccessorImpl.invoke0(Native Method)
	at sun.reflect.NativeMethodAccessorImpl.invoke(NativeMethodAccessorImpl.java:62)
	at sun.reflect.DelegatingMethodAccessorImpl.invoke(DelegatingMethodAccessorImpl.java:43)
	at java.lang.reflect.Method.invoke(Method.java:497)
	at org.apache.maven.surefire.util.ReflectionUtils.invokeMethodWithArray(ReflectionUtils.java:189)
	at org.apache.maven.surefire.booter.ProviderFactory$ProviderProxy.invoke(ProviderFactory.java:165)
	at org.apache.maven.surefire.booter.ProviderFactory.invokeProvider(ProviderFactory.java:85)
	at org.apache.maven.surefire.booter.ForkedBooter.runSuitesInProcess(ForkedBooter.java:115)
	at org.apache.maven.surefire.booter.ForkedBooter.main(ForkedBooter.java:75)
</error>
    <system-out>11:52:09.561 [main] DEBUG o.s.t.c.s.DirtiesContextTestExecutionListener - After test class: context [DefaultTestContext@74a9c4b0 testClass = PlayersCharacterDaoTest, testInstance = [null], testMethod = [null], testException = [null], mergedContextConfiguration = [MergedContextConfiguration@1c05a54d testClass = PlayersCharacterDaoTest, locations = &apos;{classpath:hu/inf/unideb/dungeonraider/dao/PlayersCharacterDaoTest-context.xml}&apos;, classes = &apos;{}&apos;, contextInitializerClasses = &apos;[]&apos;, activeProfiles = &apos;{}&apos;, propertySourceLocations = &apos;{}&apos;, propertySourceProperties = &apos;{}&apos;, contextLoader = &apos;org.springframework.test.context.support.DelegatingSmartContextLoader&apos;, parent = [null]]], dirtiesContext [false].
11:52:09.561 [main] DEBUG o.s.t.c.j.SpringJUnit4ClassRunner - SpringJUnit4ClassRunner constructor called with [class hu.inf.unideb.dungeonraider.service.PlayerServiceTest].
11:52:09.561 [main] DEBUG o.s.test.context.BootstrapUtils - Instantiating TestContextBootstrapper from class [org.springframework.test.context.support.DefaultTestContextBootstrapper]
11:52:09.563 [main] DEBUG o.s.t.c.s.AbstractDelegatingSmartContextLoader - Delegating to GenericXmlContextLoader to process context configuration [ContextConfigurationAttributes@13e9f2e2 declaringClass = &apos;hu.inf.unideb.dungeonraider.service.PlayerServiceTest&apos;, classes = &apos;{}&apos;, locations = &apos;{}&apos;, inheritLocations = true, initializers = &apos;{}&apos;, inheritInitializers = true, name = [null], contextLoaderClass = &apos;org.springframework.test.context.ContextLoader&apos;].
11:52:09.563 [main] DEBUG o.s.t.c.s.AbstractContextLoader - Did not detect default resource location for test class [hu.inf.unideb.dungeonraider.service.PlayerServiceTest]: class path resource [hu/inf/unideb/dungeonraider/service/PlayerServiceTest-context.xml] does not exist
11:52:09.563 [main] INFO  o.s.t.c.s.AbstractContextLoader - Could not detect default resource locations for test class [hu.inf.unideb.dungeonraider.service.PlayerServiceTest]: no resource found for suffixes {-context.xml}.
11:52:09.563 [main] DEBUG o.s.t.c.s.AbstractDelegatingSmartContextLoader - Delegating to AnnotationConfigContextLoader to process context configuration [ContextConfigurationAttributes@13e9f2e2 declaringClass = &apos;hu.inf.unideb.dungeonraider.service.PlayerServiceTest&apos;, classes = &apos;{}&apos;, locations = &apos;{}&apos;, inheritLocations = true, initializers = &apos;{}&apos;, inheritInitializers = true, name = [null], contextLoaderClass = &apos;org.springframework.test.context.ContextLoader&apos;].
11:52:09.563 [main] INFO  o.s.t.c.s.AnnotationConfigContextLoaderUtils - Could not detect default configuration classes for test class [hu.inf.unideb.dungeonraider.service.PlayerServiceTest]: PlayerServiceTest does not declare any static, non-private, non-final, inner classes annotated with @Configuration.
</system-out>
  </testcase>
</testsuite>